<?xml version="1.0" encoding="UTF-8"?>
<!-- Generated by org.testng.reporters.JUnitXMLReporter -->
<testsuite ignored="2" hostname="LAPTOP-J2J3KOAT" failures="0" tests="3" name="Test" time="0.051" errors="0" timestamp="2024-06-02T18:15:05 IST">
  <testcase classname="testng.Grouping" name="main1" time="0.006"/>
  <testcase classname="testng.Grouping" name="main2" time="0.005"/>
  <testcase classname="testng.Grouping" name="main4" time="0.0"/>
  <testcase classname="testng.Grouping" name="main5" time="0.0">
    <ignored/>
  </testcase> <!-- main5 -->
  <testcase classname="testng.Grouping" name="main3" time="0.0">
    <ignored/>
  </testcase> <!-- main3 -->
</testsuite> <!-- Test -->
